<?xml version="1.0" encoding="UTF-8" ?>
<testsuite errors="0" failures="0" hostname="PC276066" name="test.Testmul" skipped="0" tests="1" time="0.078" timestamp="2018-01-29T12:33:35">
  <properties>
    <property name="java.vendor" value="Oracle Corporation" />
    <property name="coverage.summaryxml.dir" value="reports/cobertura-summary-xml" />
    <property name="sun.java.launcher" value="SUN_STANDARD" />
    <property name="sun.management.compiler" value="HotSpot 64-Bit Tiered Compilers" />
    <property name="os.name" value="Windows 7" />
    <property name="sun.boot.class.path" value="C:\Program Files\Java\jdk1.8.0_102\jre\lib\resources.jar;C:\Program Files\Java\jdk1.8.0_102\jre\lib\rt.jar;C:\Program Files\Java\jdk1.8.0_102\jre\lib\sunrsasign.jar;C:\Program Files\Java\jdk1.8.0_102\jre\lib\jsse.jar;C:\Program Files\Java\jdk1.8.0_102\jre\lib\jce.jar;C:\Program Files\Java\jdk1.8.0_102\jre\lib\charsets.jar;C:\Program Files\Java\jdk1.8.0_102\jre\lib\jfr.jar;C:\Program Files\Java\jdk1.8.0_102\jre\classes" />
    <property name="reports.html.dir" value="reports/junit-html" />
    <property name="sun.desktop" value="windows" />
    <property name="java.vm.specification.vendor" value="Oracle Corporation" />
    <property name="ant.home" value="D:\ANT\apache-ant-1.10.1" />
    <property name="java.runtime.version" value="1.8.0_102-b14" />
    <property name="cobertura.dir" value="D:\corbertura\cobertura-2.1.1" />
    <property name="user.name" value="670375" />
    <property name="user.language" value="en" />
    <property name="sun.boot.library.path" value="C:\Program Files\Java\jdk1.8.0_102\jre\bin" />
    <property name="reports.dir" value="reports" />
    <property name="ant.project.default-target" value="coverage" />
    <property name="ant.project.name" value="cobertura.examples.basic" />
    <property name="ant.file.cobertura.examples.basic" value="D:\govarthini\Task1\build.xml" />
    <property name="java.version" value="1.8.0_102" />
    <property name="coverage.html.dir" value="reports/cobertura-html" />
    <property name="user.timezone" value="" />
    <property name="sun.arch.data.model" value="64" />
    <property name="java.endorsed.dirs" value="C:\Program Files\Java\jdk1.8.0_102\jre\lib\endorsed" />
    <property name="sun.cpu.isalist" value="amd64" />
    <property name="sun.jnu.encoding" value="Cp1252" />
    <property name="file.encoding.pkg" value="sun.io" />
    <property name="file.separator" value="\" />
    <property name="java.specification.name" value="Java Platform API Specification" />
    <property name="classes.dir" value="bin" />
    <property name="java.class.version" value="52.0" />
    <property name="user.country" value="US" />
    <property name="java.home" value="C:\Program Files\Java\jdk1.8.0_102\jre" />
    <property name="java.vm.info" value="mixed mode" />
    <property name="ant.file.type.cobertura.examples.basic" value="file" />
    <property name="ant.file" value="D:\govarthini\Task1\build.xml" />
    <property name="os.version" value="6.1" />
    <property name="path.separator" value=";" />
    <property name="java.vm.version" value="25.102-b14" />
    <property name="user.variant" value="" />
    <property name="ant.library.dir" value="D:\ANT\apache-ant-1.10.1\lib" />
    <property name="java.awt.printerjob" value="sun.awt.windows.WPrinterJob" />
    <property name="sun.io.unicode.encoding" value="UnicodeLittle" />
    <property name="awt.toolkit" value="sun.awt.windows.WToolkit" />
    <property name="user.script" value="" />
    <property name="reports.xml.dir" value="reports/junit-xml" />
    <property name="user.home" value="C:\Users\670375" />
    <property name="java.specification.vendor" value="Oracle Corporation" />
    <property name="coverage.xml.dir" value="reports/cobertura-xml" />
    <property name="java.library.path" value="C:\Program Files\Java\jdk1.8.0_102\jre\bin;C:\WINDOWS\Sun\Java\bin;C:\WINDOWS\system32;C:\WINDOWS;C:\ProgramData\Oracle\Java\javapath;C:\WINDOWS\system32;C:\WINDOWS;C:\WINDOWS\System32\Wbem;C:\WINDOWS\System32\WindowsPowerShell\v1.0\;D:\tomcat\apache-tomcat-8.5.24\bin;C:\Program Files\Java\jdk1.8.0_102\bin;D:\ANT\apache-ant-1.10.1\bin;C:\Program Files (x86)\Puppet Labs\Puppet\bin;D:\sonarscanner\sonar-scanner-3.0.3.778\bin;D:\maven\apache-maven-3.5.2\bin.;C:\Program Files\Java\jdk1.8.0_102\bin;." />
    <property name="java.vendor.url" value="http://java.oracle.com/" />
    <property name="java.vm.vendor" value="Oracle Corporation" />
    <property name="java.runtime.name" value="Java(TM) SE Runtime Environment" />
    <property name="sun.java.command" value="org.apache.tools.ant.taskdefs.optional.junit.JUnitTestRunner test.Testmul skipNonTests=false filtertrace=true haltOnError=false haltOnFailure=false showoutput=false outputtoformatters=true logfailedtests=true threadid=0 logtestlistenerevents=false formatter=org.apache.tools.ant.taskdefs.optional.junit.XMLJUnitResultFormatter,D:\govarthini\Task1\reports\junit-xml\TEST-test.Testmul.xml crashfile=D:\govarthini\Task1\junitvmwatcher9076251644022160495.properties propsfile=D:\govarthini\Task1\junit7820342882171695393.properties" />
    <property name="java.class.path" value="D:\govarthini\Task1\bin;D:\corbertura\cobertura-2.1.1\cobertura-2.1.1-javadoc.jar;D:\corbertura\cobertura-2.1.1\cobertura-2.1.1-sources.jar;D:\corbertura\cobertura-2.1.1\cobertura-2.1.1.jar;D:\corbertura\cobertura-2.1.1\lib\asm-5.0.1.jar;D:\corbertura\cobertura-2.1.1\lib\asm-analysis-5.0.1.jar;D:\corbertura\cobertura-2.1.1\lib\asm-commons-5.0.1.jar;D:\corbertura\cobertura-2.1.1\lib\asm-tree-5.0.1.jar;D:\corbertura\cobertura-2.1.1\lib\asm-util-5.0.1.jar;D:\corbertura\cobertura-2.1.1\lib\commons-lang3-3.3.2.jar;D:\corbertura\cobertura-2.1.1\lib\hamcrest-core-1.3.jar;D:\corbertura\cobertura-2.1.1\lib\jaxen-1.1.4.jar;D:\corbertura\cobertura-2.1.1\lib\jetty-6.1.14.jar;D:\corbertura\cobertura-2.1.1\lib\jetty-util-6.1.14.jar;D:\corbertura\cobertura-2.1.1\lib\junit-4.11.jar;D:\corbertura\cobertura-2.1.1\lib\logback-classic-1.0.13.jar;D:\corbertura\cobertura-2.1.1\lib\logback-core-1.0.13.jar;D:\corbertura\cobertura-2.1.1\lib\oro-2.0.8.jar;D:\corbertura\cobertura-2.1.1\lib\servlet-api-2.5-6.1.14.jar;D:\corbertura\cobertura-2.1.1\lib\slf4j-api-1.7.5.jar;D:\ANT\apache-ant-1.10.1\lib\ant-launcher.jar;D:\ANT\apache-ant-1.10.1\lib\ant.jar;D:\ANT\apache-ant-1.10.1\lib\ant-junit.jar;D:\ANT\apache-ant-1.10.1\lib\ant-junit4.jar" />
    <property name="ant.version" value="Apache Ant(TM) version 1.10.1 compiled on February 2 2017" />
    <property name="java.vm.specification.name" value="Java Virtual Machine Specification" />
    <property name="ant.file.type" value="file" />
    <property name="java.vm.specification.version" value="1.8" />
    <property name="sun.cpu.endian" value="little" />
    <property name="sun.os.patch.level" value="Service Pack 1" />
    <property name="java.io.tmpdir" value="C:\Users\670375\AppData\Local\Temp\" />
    <property name="java.vendor.url.bug" value="http://bugreport.sun.com/bugreport/" />
    <property name="os.arch" value="amd64" />
    <property name="java.awt.graphicsenv" value="sun.awt.Win32GraphicsEnvironment" />
    <property name="instrumented.dir" value="instrumented" />
    <property name="java.ext.dirs" value="C:\Program Files\Java\jdk1.8.0_102\jre\lib\ext;C:\WINDOWS\Sun\Java\lib\ext" />
    <property name="user.dir" value="D:\govarthini\Task1" />
    <property name="line.separator" value="&#xd;&#xa;" />
    <property name="java.vm.name" value="Java HotSpot(TM) 64-Bit Server VM" />
    <property name="basedir" value="D:\govarthini\Task1" />
    <property name="ant.java.version" value="1.8" />
    <property name="ant.core.lib" value="D:\ANT\apache-ant-1.10.1\lib\ant.jar" />
    <property name="file.encoding" value="Cp1252" />
    <property name="java.specification.version" value="1.8" />
    <property name="src.dir" value="src" />
    <property name="ant.project.invoked-targets" value="coverage" />
  </properties>
  <testcase classname="test.Testmul" name="mul_fun" time="0.001" />
  <system-out><![CDATA[]]></system-out>
  <system-err><![CDATA[]]></system-err>
</testsuite>
